build/intermediates/manifest_merge_blame_file/debug/manifest-merger-blame-debug-report.txt
1<?xml version="1.0" encoding="utf-8"?>
2<manifest xmlns:android="http://schemas.android.com/apk/res/android"
3    package="com.example.akshayshopapp"
4    android:versionCode="1"
5    android:versionName="1.0" >
6
7    <uses-sdk
8        android:minSdkVersion="24"
9        android:targetSdkVersion="35" />
10
11    <uses-permission android:name="android.permission.ACCESS_NETWORK_STATE" />
11-->src/main/AndroidManifest.xml:5:5-79
11-->src/main/AndroidManifest.xml:5:22-76
12    <uses-permission android:name="android.permission.INTERNET" />
12-->src/main/AndroidManifest.xml:6:5-67
12-->src/main/AndroidManifest.xml:6:22-64
13    <uses-permission android:name="android.permission.ACCESS_WIFI_STATE" />
13-->src/main/AndroidManifest.xml:7:5-76
13-->src/main/AndroidManifest.xml:7:22-73
14
15    <queries>
15-->[com.facebook.android:facebook-common:17.0.2] AndroidManifest.xml:17:5-19:15
16        <package android:name="com.facebook.katana" />
16-->[com.facebook.android:facebook-common:17.0.2] AndroidManifest.xml:18:9-55
16-->[com.facebook.android:facebook-common:17.0.2] AndroidManifest.xml:18:18-52
17
18        <intent>
18-->[com.razorpay:checkout:1.6.27] AndroidManifest.xml:13:9-19:18
19            <action android:name="android.intent.action.VIEW" />
19-->src/main/AndroidManifest.xml:97:17-69
19-->src/main/AndroidManifest.xml:97:25-66
20
21            <data
21-->src/main/AndroidManifest.xml:100:17-75
22                android:mimeType="*/*"
23                android:scheme="*" />
23-->src/main/AndroidManifest.xml:100:23-72
24        </intent>
25        <intent>
25-->[com.razorpay:checkout:1.6.27] AndroidManifest.xml:20:9-29:18
26            <action android:name="android.intent.action.VIEW" />
26-->src/main/AndroidManifest.xml:97:17-69
26-->src/main/AndroidManifest.xml:97:25-66
27
28            <category android:name="android.intent.category.BROWSABLE" />
28-->src/main/AndroidManifest.xml:99:17-78
28-->src/main/AndroidManifest.xml:99:27-75
29
30            <data
30-->src/main/AndroidManifest.xml:100:17-75
31                android:host="pay"
32                android:mimeType="*/*"
33                android:scheme="upi" />
33-->src/main/AndroidManifest.xml:100:23-72
34        </intent>
35        <intent>
35-->[com.razorpay:checkout:1.6.27] AndroidManifest.xml:30:9-32:18
36            <action android:name="android.intent.action.MAIN" />
36-->src/main/AndroidManifest.xml:94:17-69
36-->src/main/AndroidManifest.xml:94:25-66
37        </intent>
38        <intent>
38-->[com.razorpay:checkout:1.6.27] AndroidManifest.xml:33:9-37:18
39            <action android:name="android.intent.action.SEND" />
39-->[com.razorpay:checkout:1.6.27] AndroidManifest.xml:34:13-65
39-->[com.razorpay:checkout:1.6.27] AndroidManifest.xml:34:21-62
40
41            <data android:mimeType="*/*" />
41-->src/main/AndroidManifest.xml:100:17-75
42        </intent>
43    </queries>
44
45    <uses-permission android:name="com.google.android.providers.gsf.permission.READ_GSERVICES" />
45-->[com.google.android.recaptcha:recaptcha:18.5.1] AndroidManifest.xml:9:5-98
45-->[com.google.android.recaptcha:recaptcha:18.5.1] AndroidManifest.xml:9:22-95
46
47    <uses-feature
47-->[com.google.android.gms:play-services-maps:17.0.0] AndroidManifest.xml:26:5-28:35
48        android:glEsVersion="0x00020000"
48-->[com.google.android.gms:play-services-maps:17.0.0] AndroidManifest.xml:27:9-41
49        android:required="true" />
49-->[com.google.android.gms:play-services-maps:17.0.0] AndroidManifest.xml:28:9-32
50
51    <uses-permission android:name="com.google.android.gms.permission.AD_ID" />
51-->[com.facebook.android:facebook-core:17.0.2] AndroidManifest.xml:16:5-79
51-->[com.facebook.android:facebook-core:17.0.2] AndroidManifest.xml:16:22-76
52
53    <permission
53-->[androidx.core:core:1.15.0] AndroidManifest.xml:22:5-24:47
54        android:name="com.example.akshayshopapp.DYNAMIC_RECEIVER_NOT_EXPORTED_PERMISSION"
54-->[androidx.core:core:1.15.0] AndroidManifest.xml:23:9-81
55        android:protectionLevel="signature" />
55-->[androidx.core:core:1.15.0] AndroidManifest.xml:24:9-44
56
57    <uses-permission android:name="com.example.akshayshopapp.DYNAMIC_RECEIVER_NOT_EXPORTED_PERMISSION" />
57-->[androidx.core:core:1.15.0] AndroidManifest.xml:26:5-97
57-->[androidx.core:core:1.15.0] AndroidManifest.xml:26:22-94
58    <uses-permission android:name="com.google.android.finsky.permission.BIND_GET_INSTALL_REFERRER_SERVICE" />
58-->[com.android.installreferrer:installreferrer:1.0] AndroidManifest.xml:9:5-110
58-->[com.android.installreferrer:installreferrer:1.0] AndroidManifest.xml:9:22-107
59
60    <application
60-->src/main/AndroidManifest.xml:9:5-103:19
61        android:allowBackup="true"
61-->src/main/AndroidManifest.xml:10:9-35
62        android:appComponentFactory="androidx.core.app.CoreComponentFactory"
62-->[androidx.core:core:1.15.0] AndroidManifest.xml:28:18-86
63        android:dataExtractionRules="@xml/data_extraction_rules"
63-->src/main/AndroidManifest.xml:11:9-65
64        android:debuggable="true"
65        android:extractNativeLibs="false"
66        android:fullBackupContent="@xml/backup_rules"
66-->src/main/AndroidManifest.xml:12:9-54
67        android:icon="@mipmap/ic_launcher"
67-->src/main/AndroidManifest.xml:13:9-43
68        android:label="@string/app_name"
68-->src/main/AndroidManifest.xml:14:9-41
69        android:networkSecurityConfig="@xml/network_config"
69-->src/main/AndroidManifest.xml:15:9-60
70        android:roundIcon="@mipmap/ic_launcher_round"
70-->src/main/AndroidManifest.xml:16:9-54
71        android:supportsRtl="true"
71-->src/main/AndroidManifest.xml:17:9-35
72        android:testOnly="true"
73        android:theme="@style/Theme.AkshayShopAPP" >
73-->src/main/AndroidManifest.xml:18:9-51
74        <meta-data
74-->src/main/AndroidManifest.xml:21:9-107
75            android:name="com.facebook.sdk.ApplicationId"
75-->src/main/AndroidManifest.xml:21:20-65
76            android:value="@string/facebook_app_id" />
76-->src/main/AndroidManifest.xml:21:66-105
77        <meta-data
77-->src/main/AndroidManifest.xml:22:9-111
78            android:name="com.facebook.sdk.ClientToken"
78-->src/main/AndroidManifest.xml:22:20-63
79            android:value="@string/facebook_client_token" />
79-->src/main/AndroidManifest.xml:22:64-109
80
81        <activity
81-->src/main/AndroidManifest.xml:24:9-26:40
82            android:name="com.example.akshayshopapp.AdminPanel.Activity.UserDetailsView"
82-->src/main/AndroidManifest.xml:25:13-64
83            android:exported="false" />
83-->src/main/AndroidManifest.xml:26:13-37
84        <activity
84-->src/main/AndroidManifest.xml:27:9-29:40
85            android:name="com.example.akshayshopapp.AdminPanel.Activity.DeleteUser"
85-->src/main/AndroidManifest.xml:28:13-59
86            android:exported="false" />
86-->src/main/AndroidManifest.xml:29:13-37
87        <activity
87-->src/main/AndroidManifest.xml:30:9-32:40
88            android:name="com.example.akshayshopapp.AdminPanel.Activity.Update_User"
88-->src/main/AndroidManifest.xml:31:13-60
89            android:exported="false" />
89-->src/main/AndroidManifest.xml:32:13-37
90        <activity
90-->src/main/AndroidManifest.xml:33:9-35:40
91            android:name="com.example.akshayshopapp.AdminPanel.Activity.Add_user"
91-->src/main/AndroidManifest.xml:34:13-57
92            android:exported="false" />
92-->src/main/AndroidManifest.xml:35:13-37
93        <activity
93-->src/main/AndroidManifest.xml:36:9-38:40
94            android:name="com.example.akshayshopapp.AdminPanel.Activity.All_User_details"
94-->src/main/AndroidManifest.xml:37:13-65
95            android:exported="false" />
95-->src/main/AndroidManifest.xml:38:13-37
96        <activity
96-->src/main/AndroidManifest.xml:39:9-41:40
97            android:name="com.example.akshayshopapp.AdminPanel.Activity.Delete_product"
97-->src/main/AndroidManifest.xml:40:13-63
98            android:exported="false" />
98-->src/main/AndroidManifest.xml:41:13-37
99        <activity
99-->src/main/AndroidManifest.xml:42:9-44:40
100            android:name="com.example.akshayshopapp.AdminPanel.Activity.Update_product"
100-->src/main/AndroidManifest.xml:43:13-63
101            android:exported="false" />
101-->src/main/AndroidManifest.xml:44:13-37
102        <activity
102-->src/main/AndroidManifest.xml:45:9-47:40
103            android:name="com.example.akshayshopapp.AdminPanel.Activity.Add_product"
103-->src/main/AndroidManifest.xml:46:13-60
104            android:exported="false" />
104-->src/main/AndroidManifest.xml:47:13-37
105        <activity
105-->src/main/AndroidManifest.xml:49:9-51:40
106            android:name="com.example.akshayshopapp.Activity.MyAccountDetailsScreen"
106-->src/main/AndroidManifest.xml:50:13-60
107            android:exported="false" />
107-->src/main/AndroidManifest.xml:51:13-37
108        <activity
108-->src/main/AndroidManifest.xml:52:9-54:40
109            android:name="com.example.akshayshopapp.Activity.NoInternetScreen"
109-->src/main/AndroidManifest.xml:53:13-54
110            android:exported="false" />
110-->src/main/AndroidManifest.xml:54:13-37
111        <activity
111-->src/main/AndroidManifest.xml:55:9-57:40
112            android:name="com.example.akshayshopapp.Activity.OtpScreen"
112-->src/main/AndroidManifest.xml:56:13-47
113            android:exported="false" />
113-->src/main/AndroidManifest.xml:57:13-37
114        <activity
114-->src/main/AndroidManifest.xml:58:9-60:40
115            android:name="com.example.akshayshopapp.Activity.AddToCartScreen"
115-->src/main/AndroidManifest.xml:59:13-53
116            android:exported="false" />
116-->src/main/AndroidManifest.xml:60:13-37
117        <activity
117-->src/main/AndroidManifest.xml:61:9-63:40
118            android:name="com.example.akshayshopapp.Activity.WishLIstScreen"
118-->src/main/AndroidManifest.xml:62:13-52
119            android:exported="false" />
119-->src/main/AndroidManifest.xml:63:13-37
120        <activity
120-->src/main/AndroidManifest.xml:64:9-66:40
121            android:name="com.example.akshayshopapp.Activity.CategoryScreen"
121-->src/main/AndroidManifest.xml:65:13-52
122            android:exported="false" />
122-->src/main/AndroidManifest.xml:66:13-37
123        <activity
123-->src/main/AndroidManifest.xml:67:9-69:40
124            android:name="com.example.akshayshopapp.Activity.ProductDetailsScreen"
124-->src/main/AndroidManifest.xml:68:13-58
125            android:exported="false" />
125-->src/main/AndroidManifest.xml:69:13-37
126        <activity
126-->src/main/AndroidManifest.xml:70:9-72:40
127            android:name="com.example.akshayshopapp.Activity.RegisterScreen"
127-->src/main/AndroidManifest.xml:71:13-52
128            android:exported="false" />
128-->src/main/AndroidManifest.xml:72:13-37
129        <activity
129-->src/main/AndroidManifest.xml:73:9-75:40
130            android:name="com.example.akshayshopapp.Activity.SplashScreen"
130-->src/main/AndroidManifest.xml:74:13-50
131            android:exported="false" />
131-->src/main/AndroidManifest.xml:75:13-37
132        <activity
132-->src/main/AndroidManifest.xml:76:9-78:40
133            android:name="com.example.akshayshopapp.AdminPanel.AdminPanel_Home"
133-->src/main/AndroidManifest.xml:77:13-55
134            android:exported="false" />
134-->src/main/AndroidManifest.xml:78:13-37
135        <activity
135-->src/main/AndroidManifest.xml:80:9-82:40
136            android:name="com.example.akshayshopapp.MainActivity"
136-->src/main/AndroidManifest.xml:81:13-41
137            android:exported="false" />
137-->src/main/AndroidManifest.xml:82:13-37
138
139        <!-- Facebook Login Activity Declaration -->
140        <activity
140-->src/main/AndroidManifest.xml:85:9-88:48
141            android:name="com.facebook.FacebookActivity"
141-->src/main/AndroidManifest.xml:86:13-57
142            android:configChanges="keyboard|keyboardHidden|screenLayout|screenSize|orientation"
142-->src/main/AndroidManifest.xml:87:13-96
143            android:label="@string/app_name"
143-->src/main/AndroidManifest.xml:88:13-45
144            android:theme="@style/com_facebook_activity_theme" />
144-->[com.facebook.android:facebook-common:17.0.2] AndroidManifest.xml:25:13-63
145        <activity
145-->src/main/AndroidManifest.xml:90:9-102:20
146            android:name="com.example.akshayshopapp.Activity.Login_Screen"
146-->src/main/AndroidManifest.xml:91:13-50
147            android:exported="true" >
147-->src/main/AndroidManifest.xml:92:13-36
148            <intent-filter>
148-->src/main/AndroidManifest.xml:93:13-101:29
149                <action android:name="android.intent.action.MAIN" />
149-->src/main/AndroidManifest.xml:94:17-69
149-->src/main/AndroidManifest.xml:94:25-66
150
151                <category android:name="android.intent.category.LAUNCHER" />
151-->src/main/AndroidManifest.xml:96:17-77
151-->src/main/AndroidManifest.xml:96:27-74
152
153                <action android:name="android.intent.action.VIEW" />
153-->src/main/AndroidManifest.xml:97:17-69
153-->src/main/AndroidManifest.xml:97:25-66
154
155                <category android:name="android.intent.category.DEFAULT" />
155-->src/main/AndroidManifest.xml:98:17-76
155-->src/main/AndroidManifest.xml:98:27-73
156                <category android:name="android.intent.category.BROWSABLE" />
156-->src/main/AndroidManifest.xml:99:17-78
156-->src/main/AndroidManifest.xml:99:27-75
157
158                <data android:scheme="@string/fb_login_protocol_scheme" />
158-->src/main/AndroidManifest.xml:100:17-75
158-->src/main/AndroidManifest.xml:100:23-72
159            </intent-filter>
160        </activity>
161        <activity android:name="com.facebook.CustomTabMainActivity" />
161-->[com.facebook.android:facebook-common:17.0.2] AndroidManifest.xml:26:9-71
161-->[com.facebook.android:facebook-common:17.0.2] AndroidManifest.xml:26:19-68
162        <activity
162-->[com.facebook.android:facebook-common:17.0.2] AndroidManifest.xml:27:9-41:20
163            android:name="com.facebook.CustomTabActivity"
163-->[com.facebook.android:facebook-common:17.0.2] AndroidManifest.xml:28:13-58
164            android:exported="true" >
164-->[com.facebook.android:facebook-common:17.0.2] AndroidManifest.xml:29:13-36
165            <intent-filter>
165-->[com.facebook.android:facebook-common:17.0.2] AndroidManifest.xml:31:13-40:29
166                <action android:name="android.intent.action.VIEW" />
166-->src/main/AndroidManifest.xml:97:17-69
166-->src/main/AndroidManifest.xml:97:25-66
167
168                <category android:name="android.intent.category.DEFAULT" />
168-->src/main/AndroidManifest.xml:98:17-76
168-->src/main/AndroidManifest.xml:98:27-73
169                <category android:name="android.intent.category.BROWSABLE" />
169-->src/main/AndroidManifest.xml:99:17-78
169-->src/main/AndroidManifest.xml:99:27-75
170
171                <data
171-->src/main/AndroidManifest.xml:100:17-75
172                    android:host="cct.com.example.akshayshopapp"
173                    android:scheme="fbconnect" />
173-->src/main/AndroidManifest.xml:100:23-72
174            </intent-filter>
175        </activity>
176        <activity
176-->[com.google.firebase:firebase-auth:23.1.0] AndroidManifest.xml:29:9-46:20
177            android:name="com.google.firebase.auth.internal.GenericIdpActivity"
177-->[com.google.firebase:firebase-auth:23.1.0] AndroidManifest.xml:30:13-80
178            android:excludeFromRecents="true"
178-->[com.google.firebase:firebase-auth:23.1.0] AndroidManifest.xml:31:13-46
179            android:exported="true"
179-->[com.google.firebase:firebase-auth:23.1.0] AndroidManifest.xml:32:13-36
180            android:launchMode="singleTask"
180-->[com.google.firebase:firebase-auth:23.1.0] AndroidManifest.xml:33:13-44
181            android:theme="@android:style/Theme.Translucent.NoTitleBar" >
181-->[com.google.firebase:firebase-auth:23.1.0] AndroidManifest.xml:34:13-72
182            <intent-filter>
182-->[com.google.firebase:firebase-auth:23.1.0] AndroidManifest.xml:35:13-45:29
183                <action android:name="android.intent.action.VIEW" />
183-->src/main/AndroidManifest.xml:97:17-69
183-->src/main/AndroidManifest.xml:97:25-66
184
185                <category android:name="android.intent.category.DEFAULT" />
185-->src/main/AndroidManifest.xml:98:17-76
185-->src/main/AndroidManifest.xml:98:27-73
186                <category android:name="android.intent.category.BROWSABLE" />
186-->src/main/AndroidManifest.xml:99:17-78
186-->src/main/AndroidManifest.xml:99:27-75
187
188                <data
188-->src/main/AndroidManifest.xml:100:17-75
189                    android:host="firebase.auth"
190                    android:path="/"
191                    android:scheme="genericidp" />
191-->src/main/AndroidManifest.xml:100:23-72
192            </intent-filter>
193        </activity>
194        <activity
194-->[com.google.firebase:firebase-auth:23.1.0] AndroidManifest.xml:47:9-64:20
195            android:name="com.google.firebase.auth.internal.RecaptchaActivity"
195-->[com.google.firebase:firebase-auth:23.1.0] AndroidManifest.xml:48:13-79
196            android:excludeFromRecents="true"
196-->[com.google.firebase:firebase-auth:23.1.0] AndroidManifest.xml:49:13-46
197            android:exported="true"
197-->[com.google.firebase:firebase-auth:23.1.0] AndroidManifest.xml:50:13-36
198            android:launchMode="singleTask"
198-->[com.google.firebase:firebase-auth:23.1.0] AndroidManifest.xml:51:13-44
199            android:theme="@android:style/Theme.Translucent.NoTitleBar" >
199-->[com.google.firebase:firebase-auth:23.1.0] AndroidManifest.xml:52:13-72
200            <intent-filter>
200-->[com.google.firebase:firebase-auth:23.1.0] AndroidManifest.xml:53:13-63:29
201                <action android:name="android.intent.action.VIEW" />
201-->src/main/AndroidManifest.xml:97:17-69
201-->src/main/AndroidManifest.xml:97:25-66
202
203                <category android:name="android.intent.category.DEFAULT" />
203-->src/main/AndroidManifest.xml:98:17-76
203-->src/main/AndroidManifest.xml:98:27-73
204                <category android:name="android.intent.category.BROWSABLE" />
204-->src/main/AndroidManifest.xml:99:17-78
204-->src/main/AndroidManifest.xml:99:27-75
205
206                <data
206-->src/main/AndroidManifest.xml:100:17-75
207                    android:host="firebase.auth"
208                    android:path="/"
209                    android:scheme="recaptcha" />
209-->src/main/AndroidManifest.xml:100:23-72
210            </intent-filter>
211        </activity>
212
213        <service
213-->[com.google.firebase:firebase-auth:23.1.0] AndroidManifest.xml:66:9-72:19
214            android:name="com.google.firebase.components.ComponentDiscoveryService"
214-->[com.google.firebase:firebase-auth:23.1.0] AndroidManifest.xml:67:13-84
215            android:directBootAware="true"
215-->[com.google.firebase:firebase-common:21.0.0] AndroidManifest.xml:32:13-43
216            android:exported="false" >
216-->[com.google.firebase:firebase-auth:23.1.0] AndroidManifest.xml:68:13-37
217            <meta-data
217-->[com.google.firebase:firebase-auth:23.1.0] AndroidManifest.xml:69:13-71:85
218                android:name="com.google.firebase.components:com.google.firebase.auth.FirebaseAuthRegistrar"
218-->[com.google.firebase:firebase-auth:23.1.0] AndroidManifest.xml:70:17-109
219                android:value="com.google.firebase.components.ComponentRegistrar" />
219-->[com.google.firebase:firebase-auth:23.1.0] AndroidManifest.xml:71:17-82
220            <meta-data
220-->[com.google.firebase:firebase-common-ktx:21.0.0] AndroidManifest.xml:12:13-14:85
221                android:name="com.google.firebase.components:com.google.firebase.ktx.FirebaseCommonLegacyRegistrar"
221-->[com.google.firebase:firebase-common-ktx:21.0.0] AndroidManifest.xml:13:17-116
222                android:value="com.google.firebase.components.ComponentRegistrar" />
222-->[com.google.firebase:firebase-common-ktx:21.0.0] AndroidManifest.xml:14:17-82
223            <meta-data
223-->[com.google.firebase:firebase-common:21.0.0] AndroidManifest.xml:35:13-37:85
224                android:name="com.google.firebase.components:com.google.firebase.FirebaseCommonKtxRegistrar"
224-->[com.google.firebase:firebase-common:21.0.0] AndroidManifest.xml:36:17-109
225                android:value="com.google.firebase.components.ComponentRegistrar" />
225-->[com.google.firebase:firebase-common:21.0.0] AndroidManifest.xml:37:17-82
226        </service>
227
228        <receiver
228-->[com.razorpay:checkout:1.6.27] AndroidManifest.xml:41:9-48:20
229            android:name="com.razorpay.RzpTokenReceiver"
229-->[com.razorpay:checkout:1.6.27] AndroidManifest.xml:42:13-57
230            android:exported="true" >
230-->[com.razorpay:checkout:1.6.27] AndroidManifest.xml:43:13-36
231            <intent-filter>
231-->[com.razorpay:checkout:1.6.27] AndroidManifest.xml:45:13-47:29
232                <action android:name="rzp.device_token.share" />
232-->[com.razorpay:checkout:1.6.27] AndroidManifest.xml:46:17-65
232-->[com.razorpay:checkout:1.6.27] AndroidManifest.xml:46:25-62
233            </intent-filter>
234        </receiver>
235
236        <activity
236-->[com.razorpay:checkout:1.6.27] AndroidManifest.xml:50:9-58:20
237            android:name="com.razorpay.CheckoutActivity"
237-->[com.razorpay:checkout:1.6.27] AndroidManifest.xml:51:13-57
238            android:configChanges="keyboard|keyboardHidden|orientation|screenSize"
238-->[com.razorpay:checkout:1.6.27] AndroidManifest.xml:52:13-83
239            android:exported="true"
239-->[com.razorpay:checkout:1.6.27] AndroidManifest.xml:53:13-36
240            android:theme="@style/CheckoutTheme" >
240-->[com.razorpay:checkout:1.6.27] AndroidManifest.xml:54:13-49
241            <intent-filter>
241-->[com.razorpay:checkout:1.6.27] AndroidManifest.xml:55:13-57:29
242                <action android:name="android.intent.action.MAIN" />
242-->src/main/AndroidManifest.xml:94:17-69
242-->src/main/AndroidManifest.xml:94:25-66
243            </intent-filter>
244        </activity>
245
246        <meta-data
246-->[com.razorpay:checkout:1.6.27] AndroidManifest.xml:60:9-62:58
247            android:name="com.razorpay.plugin.googlepay_all"
247-->[com.razorpay:checkout:1.6.27] AndroidManifest.xml:61:13-61
248            android:value="com.razorpay.RzpGpayMerged" />
248-->[com.razorpay:checkout:1.6.27] AndroidManifest.xml:62:13-55
249
250        <service
250-->[androidx.credentials:credentials-play-services-auth:1.2.0-rc01] AndroidManifest.xml:24:9-32:19
251            android:name="androidx.credentials.playservices.CredentialProviderMetadataHolder"
251-->[androidx.credentials:credentials-play-services-auth:1.2.0-rc01] AndroidManifest.xml:25:13-94
252            android:enabled="true"
252-->[androidx.credentials:credentials-play-services-auth:1.2.0-rc01] AndroidManifest.xml:26:13-35
253            android:exported="false" >
253-->[androidx.credentials:credentials-play-services-auth:1.2.0-rc01] AndroidManifest.xml:27:13-37
254            <meta-data
254-->[androidx.credentials:credentials-play-services-auth:1.2.0-rc01] AndroidManifest.xml:29:13-31:104
255                android:name="androidx.credentials.CREDENTIAL_PROVIDER_KEY"
255-->[androidx.credentials:credentials-play-services-auth:1.2.0-rc01] AndroidManifest.xml:30:17-76
256                android:value="androidx.credentials.playservices.CredentialProviderPlayServicesImpl" />
256-->[androidx.credentials:credentials-play-services-auth:1.2.0-rc01] AndroidManifest.xml:31:17-101
257        </service>
258
259        <activity
259-->[androidx.credentials:credentials-play-services-auth:1.2.0-rc01] AndroidManifest.xml:34:9-41:20
260            android:name="androidx.credentials.playservices.HiddenActivity"
260-->[androidx.credentials:credentials-play-services-auth:1.2.0-rc01] AndroidManifest.xml:35:13-76
261            android:configChanges="orientation|screenSize|screenLayout|keyboardHidden"
261-->[androidx.credentials:credentials-play-services-auth:1.2.0-rc01] AndroidManifest.xml:36:13-87
262            android:enabled="true"
262-->[androidx.credentials:credentials-play-services-auth:1.2.0-rc01] AndroidManifest.xml:37:13-35
263            android:exported="false"
263-->[androidx.credentials:credentials-play-services-auth:1.2.0-rc01] AndroidManifest.xml:38:13-37
264            android:fitsSystemWindows="true"
264-->[androidx.credentials:credentials-play-services-auth:1.2.0-rc01] AndroidManifest.xml:39:13-45
265            android:theme="@style/Theme.Hidden" >
265-->[androidx.credentials:credentials-play-services-auth:1.2.0-rc01] AndroidManifest.xml:40:13-48
266        </activity>
267        <activity
267-->[com.google.android.gms:play-services-auth:21.3.0] AndroidManifest.xml:23:9-27:75
268            android:name="com.google.android.gms.auth.api.signin.internal.SignInHubActivity"
268-->[com.google.android.gms:play-services-auth:21.3.0] AndroidManifest.xml:24:13-93
269            android:excludeFromRecents="true"
269-->[com.google.android.gms:play-services-auth:21.3.0] AndroidManifest.xml:25:13-46
270            android:exported="false"
270-->[com.google.android.gms:play-services-auth:21.3.0] AndroidManifest.xml:26:13-37
271            android:theme="@android:style/Theme.Translucent.NoTitleBar" />
271-->[com.google.android.gms:play-services-auth:21.3.0] AndroidManifest.xml:27:13-72
272        <!--
273            Service handling Google Sign-In user revocation. For apps that do not integrate with
274            Google Sign-In, this service will never be started.
275        -->
276        <service
276-->[com.google.android.gms:play-services-auth:21.3.0] AndroidManifest.xml:33:9-37:51
277            android:name="com.google.android.gms.auth.api.signin.RevocationBoundService"
277-->[com.google.android.gms:play-services-auth:21.3.0] AndroidManifest.xml:34:13-89
278            android:exported="true"
278-->[com.google.android.gms:play-services-auth:21.3.0] AndroidManifest.xml:35:13-36
279            android:permission="com.google.android.gms.auth.api.signin.permission.REVOCATION_NOTIFICATION"
279-->[com.google.android.gms:play-services-auth:21.3.0] AndroidManifest.xml:36:13-107
280            android:visibleToInstantApps="true" />
280-->[com.google.android.gms:play-services-auth:21.3.0] AndroidManifest.xml:37:13-48
281
282        <provider
282-->[com.google.firebase:firebase-common:21.0.0] AndroidManifest.xml:23:9-28:39
283            android:name="com.google.firebase.provider.FirebaseInitProvider"
283-->[com.google.firebase:firebase-common:21.0.0] AndroidManifest.xml:24:13-77
284            android:authorities="com.example.akshayshopapp.firebaseinitprovider"
284-->[com.google.firebase:firebase-common:21.0.0] AndroidManifest.xml:25:13-72
285            android:directBootAware="true"
285-->[com.google.firebase:firebase-common:21.0.0] AndroidManifest.xml:26:13-43
286            android:exported="false"
286-->[com.google.firebase:firebase-common:21.0.0] AndroidManifest.xml:27:13-37
287            android:initOrder="100" /> <!-- Needs to be explicitly declared on P+ -->
287-->[com.google.firebase:firebase-common:21.0.0] AndroidManifest.xml:28:13-36
288        <uses-library
288-->[com.google.android.gms:play-services-maps:17.0.0] AndroidManifest.xml:33:9-35:40
289            android:name="org.apache.http.legacy"
289-->[com.google.android.gms:play-services-maps:17.0.0] AndroidManifest.xml:34:13-50
290            android:required="false" />
290-->[com.google.android.gms:play-services-maps:17.0.0] AndroidManifest.xml:35:13-37
291
292        <activity
292-->[com.google.android.gms:play-services-base:18.5.0] AndroidManifest.xml:5:9-173
293            android:name="com.google.android.gms.common.api.GoogleApiActivity"
293-->[com.google.android.gms:play-services-base:18.5.0] AndroidManifest.xml:5:19-85
294            android:exported="false"
294-->[com.google.android.gms:play-services-base:18.5.0] AndroidManifest.xml:5:146-170
295            android:theme="@android:style/Theme.Translucent.NoTitleBar" />
295-->[com.google.android.gms:play-services-base:18.5.0] AndroidManifest.xml:5:86-145
296
297        <provider
297-->[androidx.emoji2:emoji2:1.3.0] AndroidManifest.xml:24:9-32:20
298            android:name="androidx.startup.InitializationProvider"
298-->[androidx.emoji2:emoji2:1.3.0] AndroidManifest.xml:25:13-67
299            android:authorities="com.example.akshayshopapp.androidx-startup"
299-->[androidx.emoji2:emoji2:1.3.0] AndroidManifest.xml:26:13-68
300            android:exported="false" >
300-->[androidx.emoji2:emoji2:1.3.0] AndroidManifest.xml:27:13-37
301            <meta-data
301-->[androidx.emoji2:emoji2:1.3.0] AndroidManifest.xml:29:13-31:52
302                android:name="androidx.emoji2.text.EmojiCompatInitializer"
302-->[androidx.emoji2:emoji2:1.3.0] AndroidManifest.xml:30:17-75
303                android:value="androidx.startup" />
303-->[androidx.emoji2:emoji2:1.3.0] AndroidManifest.xml:31:17-49
304            <meta-data
304-->[androidx.lifecycle:lifecycle-process:2.8.5] AndroidManifest.xml:29:13-31:52
305                android:name="androidx.lifecycle.ProcessLifecycleInitializer"
305-->[androidx.lifecycle:lifecycle-process:2.8.5] AndroidManifest.xml:30:17-78
306                android:value="androidx.startup" />
306-->[androidx.lifecycle:lifecycle-process:2.8.5] AndroidManifest.xml:31:17-49
307            <meta-data
307-->[androidx.profileinstaller:profileinstaller:1.4.0] AndroidManifest.xml:29:13-31:52
308                android:name="androidx.profileinstaller.ProfileInstallerInitializer"
308-->[androidx.profileinstaller:profileinstaller:1.4.0] AndroidManifest.xml:30:17-85
309                android:value="androidx.startup" />
309-->[androidx.profileinstaller:profileinstaller:1.4.0] AndroidManifest.xml:31:17-49
310        </provider>
311        <!--